e:\alsignupact110729\031702325\src\sudoku\sudoku\stdafx.pch
e:\alsignupact110729\031702325\src\sudoku\sudoku\debug\vc142.pdb
e:\alsignupact110729\031702325\src\sudoku\sudoku\debug\vc142.idb
e:\alsignupact110729\031702325\src\sudoku\sudoku\stdafx.pchast
e:\alsignupact110729\031702325\src\sudoku\sudoku\debug\stdafx.nativecodeanalysis.sarif
e:\alsignupact110729\031702325\src\sudoku\sudoku\debug\stdafx.nativecodeanalysis.xml
e:\alsignupact110729\031702325\src\sudoku\sudoku\debug\stdafx.obj
e:\alsignupact110729\031702325\src\sudoku\sudoku\debug\sudoku.nativecodeanalysis.sarif
e:\alsignupact110729\031702325\src\sudoku\sudoku\debug\sudoku.nativecodeanalysis.xml
e:\alsignupact110729\031702325\src\sudoku\sudoku\debug\sudoku.obj
e:\alsignupact110729\031702325\src\sudoku\debug\sudoku.exe
e:\alsignupact110729\031702325\src\sudoku\debug\sudoku.pdb
e:\alsignupact110729\031702325\src\sudoku\sudoku\debug\nativecodeanalysis.read.1.tlog
e:\alsignupact110729\031702325\src\sudoku\sudoku\debug\vc.nativecodeanalysis.all.xml
e:\alsignupact110729\031702325\src\sudoku\debug\sudoku.exe.lastcodeanalysissucceeded
e:\alsignupact110729\031702325\src\sudoku\sudoku\debug\sudoku.tlog\cl.command.1.tlog
e:\alsignupact110729\031702325\src\sudoku\sudoku\debug\sudoku.tlog\cl.read.1.tlog
e:\alsignupact110729\031702325\src\sudoku\sudoku\debug\sudoku.tlog\cl.write.1.tlog
e:\alsignupact110729\031702325\src\sudoku\sudoku\debug\sudoku.tlog\link.command.1.tlog
e:\alsignupact110729\031702325\src\sudoku\sudoku\debug\sudoku.tlog\link.read.1.tlog
e:\alsignupact110729\031702325\src\sudoku\sudoku\debug\sudoku.tlog\link.write.1.tlog
